[debug] [2025-05-09T11:59:57.002Z] ----------------------------------------------------------------------
[debug] [2025-05-09T11:59:57.005Z] Command:       C:\Program Files\nodejs\node.exe C:\Users\user\AppData\Roaming\npm\node_modules\firebase-tools\lib\bin\firebase.js init hosting
[debug] [2025-05-09T11:59:57.005Z] CLI Version:   14.2.0
[debug] [2025-05-09T11:59:57.005Z] Platform:      win32
[debug] [2025-05-09T11:59:57.005Z] Node Version:  v22.14.0
[debug] [2025-05-09T11:59:57.006Z] Time:          Fri May 09 2025 14:59:57 GMT+0300 (Austrumeiropas vasaras laiks)
[debug] [2025-05-09T11:59:57.006Z] ----------------------------------------------------------------------
[debug] 
[debug] [2025-05-09T11:59:57.009Z] >>> [apiv2][query] GET https://firebase-public.firebaseio.com/cli.json [none]
[debug] [2025-05-09T11:59:57.062Z] > command requires scopes: ["email","openid","https://www.googleapis.com/auth/cloudplatformprojects.readonly","https://www.googleapis.com/auth/firebase","https://www.googleapis.com/auth/cloud-platform"]
[debug] [2025-05-09T11:59:57.062Z] > authorizing via signed-in user (vjaceslavs.gromatovics@buvconsult.com)
[info] 
     ######## #### ########  ######## ########     ###     ######  ########
     ##        ##  ##     ## ##       ##     ##  ##   ##  ##       ##
     ######    ##  ########  ######   ########  #########  ######  ######
     ##        ##  ##    ##  ##       ##     ## ##     ##       ## ##
     ##       #### ##     ## ######## ########  ##     ##  ######  ########

You're about to initialize a Firebase project in this directory:

  C:\Users\user\AI_demo_project\10.04.2024 Actual project React + Backend\frontend-app

[debug] [2025-05-09T11:59:57.458Z] <<< [apiv2][status] GET https://firebase-public.firebaseio.com/cli.json 200
[debug] [2025-05-09T11:59:57.458Z] <<< [apiv2][body] GET https://firebase-public.firebaseio.com/cli.json {"cloudBuildErrorAfter":1594252800000,"cloudBuildWarnAfter":1590019200000,"defaultNode10After":1594252800000,"minVersion":"3.0.5","node8DeploysDisabledAfter":1613390400000,"node8RuntimeDisabledAfter":1615809600000,"node8WarnAfter":1600128000000}
[info] 
=== Project Setup
[info] 
[info] First, let's associate this project directory with a Firebase project.
[info] You can create multiple project aliases by running firebase use --add, 
[info] but for now we'll just set up a default project.
[info] 
[info] i  If you want to create a project in a Google Cloud organization or folder, please use "firebase projects:create" instead, and return to this command when you've created the project. 
[debug] [2025-05-09T12:00:18.567Z] Checked if tokens are valid: false, expires at: 1745335172646
[debug] [2025-05-09T12:00:18.568Z] Checked if tokens are valid: false, expires at: 1745335172646
[debug] [2025-05-09T12:00:18.568Z] > refreshing access token with scopes: []
[debug] [2025-05-09T12:00:18.569Z] >>> [apiv2][query] POST https://www.googleapis.com/oauth2/v3/token [none]
[debug] [2025-05-09T12:00:18.569Z] >>> [apiv2][body] POST https://www.googleapis.com/oauth2/v3/token [omitted]
[debug] [2025-05-09T12:00:18.699Z] <<< [apiv2][status] POST https://www.googleapis.com/oauth2/v3/token 400
[debug] [2025-05-09T12:00:18.699Z] <<< [apiv2][body] POST https://www.googleapis.com/oauth2/v3/token [omitted]
[error] Authentication Error: Your credentials are no longer valid. Please run firebase login --reauth

For CI servers and headless environments, generate a new token with firebase login:ci
[error] Authentication Error: Your credentials are no longer valid. Please run firebase login --reauth

For CI servers and headless environments, generate a new token with firebase login:ci
[debug] [2025-05-09T12:00:18.790Z] FirebaseError: Authentication Error: Your credentials are no longer valid. Please run firebase login --reauth

For CI servers and headless environments, generate a new token with firebase login:ci
    at invalidCredentialError (C:\Users\user\AppData\Roaming\npm\node_modules\firebase-tools\lib\auth.js:147:12)
    at refreshTokens (C:\Users\user\AppData\Roaming\npm\node_modules\firebase-tools\lib\auth.js:539:15)
    at process.processTicksAndRejections (node:internal/process/task_queues:105:5)
    at async getAccessToken (C:\Users\user\AppData\Roaming\npm\node_modules\firebase-tools\lib\apiv2.js:42:18)
    at async Client.addAuthHeader (C:\Users\user\AppData\Roaming\npm\node_modules\firebase-tools\lib\apiv2.js:169:21)
    at async Client.request (C:\Users\user\AppData\Roaming\npm\node_modules\firebase-tools\lib\apiv2.js:120:34)
    at async createCloudProject (C:\Users\user\AppData\Roaming\npm\node_modules\firebase-tools\lib\management\projects.js:207:26)
    at async createFirebaseProjectAndLog (C:\Users\user\AppData\Roaming\npm\node_modules\firebase-tools\lib\management\projects.js:71:9)
    at async promptAndCreateNewProject (C:\Users\user\AppData\Roaming\npm\node_modules\firebase-tools\lib\init\features\project.js:32:12)
    at async doSetup (C:\Users\user\AppData\Roaming\npm\node_modules\firebase-tools\lib\init\features\project.js:89:27)
[error] 
[error] Error: Failed to create project. See firebase-debug.log for more info.
